This is pdfTeX, Version 3.141592-1.40.3 (Web2C 7.5.6) (format=latex 2007.10.10)  13 OCT 2008 19:22
entering extended mode
**./images.tex
(./images.tex
LaTeX2e <2005/12/01>
Babel <v3.8h> and hyphenation patterns for english, usenglishmax, dumylang, noh
yphenation, basque, bulgarian, coptic, welsh, czech, slovak, german, ngerman, d
anish, esperanto, spanish, catalan, galician, estonian, finnish, french, greek,
 monogreek, ancientgreek, croatian, hungarian, interlingua, ibycus, indonesian,
 icelandic, italian, latin, mongolian, dutch, norsk, polish, portuguese, romani
an, russian, slovenian, uppersorbian, serbian, swedish, turkish, ukenglish, ukr
ainian, loaded.


(/usr/share/texmf/tex/latex/base/article.cls
Document Class: article 2005/09/16 v1.4f Standard LaTeX document class
(/usr/share/texmf/tex/latex/base/size10.clo
File: size10.clo 2005/09/16 v1.4f Standard LaTeX file (size option)
)
\c@part=\count79
\c@section=\count80
\c@subsection=\count81
\c@subsubsection=\count82
\c@paragraph=\count83
\c@subparagraph=\count84
\c@figure=\count85
\c@table=\count86
\abovecaptionskip=\skip41
\belowcaptionskip=\skip42
\bibindent=\dimen102
) (/usr/share/texmf/tex/latex/psnfss/mathptmx.sty
Package: mathptmx 2005/04/12 PSNFSS-v9.2a Times w/ Math, improved (SPQR, WaS) 
LaTeX Font Info:    Redeclaring symbol font `operators' on input line 28.
LaTeX Font Info:    Overwriting symbol font `operators' in version `normal'
(Font)                  OT1/cmr/m/n --> OT1/ztmcm/m/n on input line 28.
LaTeX Font Info:    Overwriting symbol font `operators' in version `bold'
(Font)                  OT1/cmr/bx/n --> OT1/ztmcm/m/n on input line 28.
LaTeX Font Info:    Redeclaring symbol font `letters' on input line 29.
LaTeX Font Info:    Overwriting symbol font `letters' in version `normal'
(Font)                  OML/cmm/m/it --> OML/ztmcm/m/it on input line 29.
LaTeX Font Info:    Overwriting symbol font `letters' in version `bold'
(Font)                  OML/cmm/b/it --> OML/ztmcm/m/it on input line 29.
LaTeX Font Info:    Redeclaring symbol font `symbols' on input line 30.
LaTeX Font Info:    Overwriting symbol font `symbols' in version `normal'
(Font)                  OMS/cmsy/m/n --> OMS/ztmcm/m/n on input line 30.
LaTeX Font Info:    Overwriting symbol font `symbols' in version `bold'
(Font)                  OMS/cmsy/b/n --> OMS/ztmcm/m/n on input line 30.
LaTeX Font Info:    Redeclaring symbol font `largesymbols' on input line 31.
LaTeX Font Info:    Overwriting symbol font `largesymbols' in version `normal'
(Font)                  OMX/cmex/m/n --> OMX/ztmcm/m/n on input line 31.
LaTeX Font Info:    Overwriting symbol font `largesymbols' in version `bold'
(Font)                  OMX/cmex/m/n --> OMX/ztmcm/m/n on input line 31.
\symbold=\mathgroup4
\symitalic=\mathgroup5
LaTeX Font Info:    Redeclaring math alphabet \mathbf on input line 34.
LaTeX Font Info:    Overwriting math alphabet `\mathbf' in version `normal'
(Font)                  OT1/cmr/bx/n --> OT1/ptm/bx/n on input line 34.
LaTeX Font Info:    Overwriting math alphabet `\mathbf' in version `bold'
(Font)                  OT1/cmr/bx/n --> OT1/ptm/bx/n on input line 34.
LaTeX Font Info:    Redeclaring math alphabet \mathit on input line 35.
LaTeX Font Info:    Overwriting math alphabet `\mathit' in version `normal'
(Font)                  OT1/cmr/m/it --> OT1/ptm/m/it on input line 35.
LaTeX Font Info:    Overwriting math alphabet `\mathit' in version `bold'
(Font)                  OT1/cmr/bx/it --> OT1/ptm/m/it on input line 35.
LaTeX Info: Redefining \hbar on input line 50.
) (/usr/share/texmf/tex/latex/base/fontenc.sty
Package: fontenc 2005/09/27 v1.99g Standard LaTeX package
(/usr/share/texmf/tex/latex/base/t1enc.def
File: t1enc.def 2005/09/27 v1.99g Standard LaTeX file
LaTeX Font Info:    Redeclaring font encoding T1 on input line 43.
)) (/usr/share/texmf/tex/latex/base/inputenc.sty
Package: inputenc 2006/05/05 v1.1b Input encoding file
\inpenc@prehook=\toks14
\inpenc@posthook=\toks15
(/usr/share/texmf/tex/latex/base/latin9.def
File: latin9.def 2006/05/05 v1.1b Input encoding file
)) (/usr/share/texmf/tex/latex/fancyhdr/fancyhdr.sty
\fancy@headwidth=\skip43
\f@ncyO@elh=\skip44
\f@ncyO@erh=\skip45
\f@ncyO@olh=\skip46
\f@ncyO@orh=\skip47
\f@ncyO@elf=\skip48
\f@ncyO@erf=\skip49
\f@ncyO@olf=\skip50
\f@ncyO@orf=\skip51
) (/usr/share/texmf/tex/latex/tools/verbatim.sty
Package: verbatim 2003/08/22 v1.5q LaTeX2e package for verbatim enhancements
\every@verbatim=\toks16
\verbatim@line=\toks17
\verbatim@in@stream=\read1
) (/usr/share/texmf/tex/latex/ltxmisc/url.sty
\Urlmuskip=\muskip10
Package: url 2005/06/27  ver 3.2  Verb mode for urls, etc.
) (/usr/share/texmf/tex/latex/amsmath/amsmath.sty
Package: amsmath 2000/07/18 v2.13 AMS math features
\@mathmargin=\skip52
For additional information on amsmath, use the `?' option.
(/usr/share/texmf/tex/latex/amsmath/amstext.sty
Package: amstext 2000/06/29 v2.01
(/usr/share/texmf/tex/latex/amsmath/amsgen.sty
File: amsgen.sty 1999/11/30 v2.0
\@emptytoks=\toks18
\ex@=\dimen103
)) (/usr/share/texmf/tex/latex/amsmath/amsbsy.sty
Package: amsbsy 1999/11/29 v1.2d
\pmbraise@=\dimen104
) (/usr/share/texmf/tex/latex/amsmath/amsopn.sty
Package: amsopn 1999/12/14 v2.01 operator names
)
\inf@bad=\count87
LaTeX Info: Redefining \frac on input line 211.
\uproot@=\count88
\leftroot@=\count89
LaTeX Info: Redefining \overline on input line 307.
\classnum@=\count90
\DOTSCASE@=\count91
LaTeX Info: Redefining \ldots on input line 379.
LaTeX Info: Redefining \dots on input line 382.
LaTeX Info: Redefining \cdots on input line 467.
\Mathstrutbox@=\box26
\strutbox@=\box27
\big@size=\dimen105
LaTeX Font Info:    Redeclaring font encoding OML on input line 567.
LaTeX Font Info:    Redeclaring font encoding OMS on input line 568.
\macc@depth=\count92
\c@MaxMatrixCols=\count93
\dotsspace@=\muskip11
\c@parentequation=\count94
\dspbrk@lvl=\count95
\tag@help=\toks19
\row@=\count96
\column@=\count97
\maxfields@=\count98
\andhelp@=\toks20
\eqnshift@=\dimen106
\alignsep@=\dimen107
\tagshift@=\dimen108
\tagwidth@=\dimen109
\totwidth@=\dimen110
\lineht@=\dimen111
\@envbody=\toks21
\multlinegap=\skip53
\multlinetaggap=\skip54
\mathdisplay@stack=\toks22
LaTeX Info: Redefining \[ on input line 2666.
LaTeX Info: Redefining \] on input line 2667.
) (/usr/share/texmf/tex/latex/amsfonts/amssymb.sty
Package: amssymb 2002/01/22 v2.2d
(/usr/share/texmf/tex/latex/amsfonts/amsfonts.sty
Package: amsfonts 2001/10/25 v2.2f
\symAMSa=\mathgroup6
\symAMSb=\mathgroup7
LaTeX Font Info:    Overwriting math alphabet `\mathfrak' in version `bold'
(Font)                  U/euf/m/n --> U/euf/b/n on input line 132.
)) (/usr/share/texmf/tex/latex/natbib/natbib.sty
Package: natbib 2007/02/05 8.0 (PWD)
\bibhang=\skip55
\bibsep=\skip56
LaTeX Info: Redefining \cite on input line 602.
\c@NAT@ctr=\count99
) (/usr/share/texmf/tex/latex/base/ifthen.sty
Package: ifthen 2001/05/26 v1.1c Standard LaTeX ifthen package (DPC)
) (/usr/share/texmf/tex/generic/oberdiek/ifpdf.sty
Package: ifpdf 2006/02/20 v1.4 Provides the ifpdf switch (HO)
Package ifpdf Info: pdfTeX in pdf mode not detected.
) (/usr/share/texmf/tex/latex/html/html.sty (/usr/share/texmf/tex/latex/hyperre
f/hyperref.sty
Package: hyperref 2007/02/07 v6.75r Hypertext links for LaTeX
(/usr/share/texmf/tex/latex/graphics/keyval.sty
Package: keyval 1999/03/16 v1.13 key=value parser (DPC)
\KV@toks@=\toks23
)
\@linkdim=\dimen112
\Hy@linkcounter=\count100
\Hy@pagecounter=\count101
(/usr/share/texmf/tex/latex/hyperref/pd1enc.def
File: pd1enc.def 2007/02/07 v6.75r Hyperref: PDFDocEncoding definition (HO)
) (/usr/share/texmf/tex/latex/config/hyperref.cfg
File: hyperref.cfg 2002/06/06 v1.2 hyperref configuration of TeXLive
) (/usr/share/texmf/tex/latex/oberdiek/kvoptions.sty
Package: kvoptions 2006/08/22 v2.4 Connects package keyval with LaTeX options (
HO)
)
Package hyperref Info: Hyper figures OFF on input line 2288.
Package hyperref Info: Link nesting OFF on input line 2293.
Package hyperref Info: Hyper index ON on input line 2296.
Package hyperref Info: Plain pages OFF on input line 2303.
Package hyperref Info: Backreferencing OFF on input line 2308.
Implicit mode ON; LaTeX internals redefined
Package hyperref Info: Bookmarks ON on input line 2444.
LaTeX Info: Redefining \url on input line 2599.
\Fld@menulength=\count102
\Field@Width=\dimen113
\Fld@charsize=\dimen114
\Choice@toks=\toks24
\Field@toks=\toks25
Package hyperref Info: Hyper figures OFF on input line 3102.
Package hyperref Info: Link nesting OFF on input line 3107.
Package hyperref Info: Hyper index ON on input line 3110.
Package hyperref Info: backreferencing OFF on input line 3117.
Package hyperref Info: Link coloring OFF on input line 3122.
\Hy@abspage=\count103
\c@Item=\count104
\c@Hfootnote=\count105
)
*hyperref using default driver hdvips*
(/usr/share/texmf/tex/latex/hyperref/hdvips.def
File: hdvips.def 2007/02/07 v6.75r Hyperref driver for dvips
(/usr/share/texmf/tex/latex/hyperref/pdfmark.def
File: pdfmark.def 2007/02/07 v6.75r Hyperref definitions for pdfmark specials
\pdf@docset=\toks26
\pdf@box=\box28
\pdf@toks=\toks27
\pdf@defaulttoks=\toks28
\Fld@listcount=\count106
))
Package: html 1999/07/19 v1.38 hypertext commands for latex2html (nd, hws, rrm)

\c@lpart=\count107
\c@lchapter=\count108
\c@chapter=\count109
\c@lsection=\count110
\c@lsubsection=\count111
\c@lsubsubsection=\count112
\c@lparagraph=\count113
\c@lsubparagraph=\count114
\c@lsubsubparagraph=\count115
\ptrfile=\write3
) (/usr/share/texmf/tex/latex/graphics/graphicx.sty
Package: graphicx 1999/02/16 v1.0f Enhanced LaTeX Graphics (DPC,SPQR)
(/usr/share/texmf/tex/latex/graphics/graphics.sty
Package: graphics 2006/02/20 v1.0o Standard LaTeX Graphics (DPC,SPQR)
(/usr/share/texmf/tex/latex/graphics/trig.sty
Package: trig 1999/03/16 v1.09 sin cos tan (DPC)
) (/usr/share/texmf/tex/latex/config/graphics.cfg
File: graphics.cfg 2007/01/18 v1.5 graphics configuration of teTeX/TeXLive
)

! LaTeX Error: Unknown option `none' for package `graphics'.

See the LaTeX manual or LaTeX Companion for explanation.
Type  H <return>  for immediate help.
 ...                                              
                                                  
l.82 \if
        !\Gin@driver!
The option `none' was not declared in package `graphics', perhaps you
misspelled its name. Try typing  <return>  to proceed.

Package graphics Info: Driver file: dvips.def on input line 90.
(/usr/share/texmf/tex/latex/graphics/dvips.def
File: dvips.def 1999/02/16 v3.0i Driver-dependant file (DPC,SPQR)
))
\Gin@req@height=\dimen115
\Gin@req@width=\dimen116
) (/usr/share/texmf/tex/latex/graphics/epsfig.sty
Package: epsfig 1999/02/16 v1.7a (e)psfig emulation (SPQR)
\epsfxsize=\dimen117
\epsfysize=\dimen118
) (/usr/share/texmf/tex/latex/index/index.sty
Package: index 2004/01/20 v4.2beta Improved index support (dmj)
\@indexbox=\insert233
\indexproofstyle=\toks29
) (/usr/share/texmf/tex/latex/subfigure/subfigure.sty
Package: subfigure 2002/03/15 v2.1.5 subfigure package
\subfigtopskip=\skip57
\subfigcapskip=\skip58
\subfigcaptopadj=\dimen119
\subfigbottomskip=\skip59
\subfigcapmargin=\dimen120
\subfiglabelskip=\skip60
\c@subfigure=\count116
\c@lofdepth=\count117
\c@subtable=\count118
\c@lotdepth=\count119
****************************************
* Local config file subfigure.cfg used *
****************************************
(/usr/share/texmf/tex/latex/subfigure/subfigure.cfg)
\subfig@top=\skip61
\subfig@bottom=\skip62
)
\idxtitle@funcref=\toks30
\tf@funcref=\write4
\openout4 = `images.frx'.

Package index Info: Writing index file images.frx on input line 77.
(/usr/share/texmf/tex/generic/babel/babel.sty
Package: babel 2005/11/23 v3.8h The Babel package
(/usr/share/texmf/tex/generic/babel/english.ldf
Language: english 2005/03/30 v3.3o English support from the babel system
(/usr/share/texmf/tex/generic/babel/babel.def
File: babel.def 2005/11/23 v3.8h Babel common definitions
\babel@savecnt=\count120
\U@D=\dimen121
)
\l@canadian = a dialect from \language\l@american 
\l@australian = a dialect from \language\l@british 
\l@newzealand = a dialect from \language\l@british 
)) (/usr/share/texmf/tex/latex/graphics/color.sty
Package: color 2005/11/14 v1.0j Standard LaTeX Color (DPC)
(/usr/share/texmf/tex/latex/config/color.cfg
File: color.cfg 2007/01/18 v1.5 color configuration of teTeX/TeXLive
)
Package color Info: Driver file: dvips.def on input line 130.
(/usr/share/texmf/tex/latex/graphics/dvipsnam.def
File: dvipsnam.def 1999/02/16 v3.0i Driver-dependant file (DPC,SPQR)
))
\sizebox=\box29
\lthtmlwrite=\write5
(./images.aux)
\openout1 = `images.aux'.

LaTeX Font Info:    Checking defaults for OML/cmm/m/it on input line 200.
LaTeX Font Info:    ... okay on input line 200.
LaTeX Font Info:    Checking defaults for T1/cmr/m/n on input line 200.
LaTeX Font Info:    ... okay on input line 200.
LaTeX Font Info:    Checking defaults for OT1/cmr/m/n on input line 200.
LaTeX Font Info:    ... okay on input line 200.
LaTeX Font Info:    Checking defaults for OMS/cmsy/m/n on input line 200.
LaTeX Font Info:    ... okay on input line 200.
LaTeX Font Info:    Checking defaults for OMX/cmex/m/n on input line 200.
LaTeX Font Info:    ... okay on input line 200.
LaTeX Font Info:    Checking defaults for U/cmr/m/n on input line 200.
LaTeX Font Info:    ... okay on input line 200.
LaTeX Font Info:    Checking defaults for PD1/pdf/m/n on input line 200.
LaTeX Font Info:    ... okay on input line 200.
LaTeX Font Info:    Try loading font information for T1+ptm on input line 200.
(/usr/share/texmf/tex/latex/psnfss/t1ptm.fd
File: t1ptm.fd 2001/06/04 font definitions for T1/ptm.
)
Package hyperref Info: Link coloring OFF on input line 200.
(/usr/share/texmf/tex/latex/hyperref/nameref.sty
Package: nameref 2006/12/27 v2.28 Cross-referencing by name of section
(/usr/share/texmf/tex/latex/oberdiek/refcount.sty
Package: refcount 2006/02/20 v3.0 Data extraction from references (HO)
)
\c@section@level=\count121
)
LaTeX Info: Redefining \ref on input line 200.
LaTeX Info: Redefining \pageref on input line 200.
\@outlinefile=\write6
\openout6 = `images.out'.


Package hyperref Warning: Rerun to get /PageLabels entry.


latex2htmlLength hsize=349.0pt

latex2htmlLength vsize=633.0pt

latex2htmlLength hoffset=0.0pt

latex2htmlLength voffset=0.0pt

latex2htmlLength topmargin=0.0pt

latex2htmlLength topskip=0.00003pt

latex2htmlLength headheight=0.0pt

latex2htmlLength headsep=0.0pt

latex2htmlLength parskip=0.0pt plus 1.0pt

latex2htmlLength oddsidemargin=62.0pt

latex2htmlLength evensidemargin=62.0pt


! LaTeX Error: Cannot determine size of graphic in 55_home_cengiz_work_pandora_
doc_db-overview.pdf (no BoundingBox).

See the LaTeX manual or LaTeX Companion for explanation.
Type  H <return>  for immediate help.
 ...                                              
                                                  
l.235 ..._cengiz_work_pandora_doc_db-overview.pdf}
                                                  %
Try typing  <return>  to proceed.
If that doesn't work, type  X <return>  to quit.

File: 55_home_cengiz_work_pandora_doc_db-overview.pdf Graphic file (type eps)
<55_home_cengiz_work_pandora_doc_db-overview.pdf>
Overfull \hbox (142.43787pt too wide) detected at line 237
 [] 
 []

l2hSize :tex2html_wrap67625:491.57288pt::0.0pt::349.0pt.
[1



]

! LaTeX Error: Cannot determine size of graphic in 66_home_cengiz_work_pandora_
doc_DB-classes.pdf (no BoundingBox).

See the LaTeX manual or LaTeX Companion for explanation.
Type  H <return>  for immediate help.
 ...                                              
                                                  
l.242 ...e_cengiz_work_pandora_doc_DB-classes.pdf}
                                                  %
Try typing  <return>  to proceed.
If that doesn't work, type  X <return>  to quit.

File: 66_home_cengiz_work_pandora_doc_DB-classes.pdf Graphic file (type eps)
<66_home_cengiz_work_pandora_doc_DB-classes.pdf>
Overfull \hbox (203.86174pt too wide) detected at line 244
 [] 
 []

l2hSize :tex2html_wrap67630:553.01384pt::0.0pt::349.0pt.
[2


]

! LaTeX Error: Cannot determine size of graphic in 67_home_cengiz_work_pandora_
doc_Dataset-classes.pdf (no BoundingBox).

See the LaTeX manual or LaTeX Companion for explanation.
Type  H <return>  for immediate help.
 ...                                              
                                                  
l.249 ...giz_work_pandora_doc_Dataset-classes.pdf}
                                                  %
Try typing  <return>  to proceed.
If that doesn't work, type  X <return>  to quit.

File: 67_home_cengiz_work_pandora_doc_Dataset-classes.pdf Graphic file (type ep
s)
<67_home_cengiz_work_pandora_doc_Dataset-classes.pdf>
Overfull \hbox (142.43787pt too wide) detected at line 251
 [] 
 []

l2hSize :tex2html_wrap67635:491.57288pt::0.0pt::349.0pt.
[3


]

! LaTeX Error: Cannot determine size of graphic in 68_home_cengiz_work_pandora_
doc_bundle-classes.pdf (no BoundingBox).

See the LaTeX manual or LaTeX Companion for explanation.
Type  H <return>  for immediate help.
 ...                                              
                                                  
l.256 ...ngiz_work_pandora_doc_bundle-classes.pdf}
                                                  %
Try typing  <return>  to proceed.
If that doesn't work, type  X <return>  to quit.

File: 68_home_cengiz_work_pandora_doc_bundle-classes.pdf Graphic file (type eps
)
<68_home_cengiz_work_pandora_doc_bundle-classes.pdf>
l2hSize :tex2html_wrap67640:349.09615pt::0.0pt::349.0pt.
[4


]

! LaTeX Error: Cannot determine size of graphic in 69_home_cengiz_work_pandora_
doc_data-wrapper-diagram.pdf (no BoundingBox).

See the LaTeX manual or LaTeX Companion for explanation.
Type  H <return>  for immediate help.
 ...                                              
                                                  
l.263 ...ork_pandora_doc_data-wrapper-diagram.pdf}
                                                  %
Try typing  <return>  to proceed.
If that doesn't work, type  X <return>  to quit.

File: 69_home_cengiz_work_pandora_doc_data-wrapper-diagram.pdf Graphic file (ty
pe eps)
<69_home_cengiz_work_pandora_doc_data-wrapper-diagram.pdf>
l2hSize :tex2html_wrap67645:349.09615pt::0.0pt::349.0pt.
[5


]

! LaTeX Error: Cannot determine size of graphic in 56_home_cengiz_work_pandora_
doc_Profile-classes.pdf (no BoundingBox).

See the LaTeX manual or LaTeX Companion for explanation.
Type  H <return>  for immediate help.
 ...                                              
                                                  
l.270 ...giz_work_pandora_doc_Profile-classes.pdf}
                                                  %
Try typing  <return>  to proceed.
If that doesn't work, type  X <return>  to quit.

File: 56_home_cengiz_work_pandora_doc_Profile-classes.pdf Graphic file (type ep
s)
<56_home_cengiz_work_pandora_doc_Profile-classes.pdf>
l2hSize :tex2html_wrap67650:314.18411pt::0.0pt::349.0pt.
[6


]

! LaTeX Error: Cannot determine size of graphic in 70_home_cengiz_work_pandora_
doc_plot-classes.pdf (no BoundingBox).

See the LaTeX manual or LaTeX Companion for explanation.
Type  H <return>  for immediate help.
 ...                                              
                                                  
l.277 ...cengiz_work_pandora_doc_plot-classes.pdf}
                                                  %
Try typing  <return>  to proceed.
If that doesn't work, type  X <return>  to quit.

File: 70_home_cengiz_work_pandora_doc_plot-classes.pdf Graphic file (type eps)
<70_home_cengiz_work_pandora_doc_plot-classes.pdf>
l2hSize :tex2html_wrap67655:349.09615pt::0.0pt::349.0pt.
[7


]
LaTeX Font Info:    Try loading font information for OT1+ztmcm on input line 29
4.
(/usr/share/texmf/tex/latex/psnfss/ot1ztmcm.fd
File: ot1ztmcm.fd 2000/01/03 Fontinst v1.801 font definitions for OT1/ztmcm.
)
LaTeX Font Info:    Try loading font information for OML+ztmcm on input line 29
4.
(/usr/share/texmf/tex/latex/psnfss/omlztmcm.fd
File: omlztmcm.fd 2000/01/03 Fontinst v1.801 font definitions for OML/ztmcm.
)
LaTeX Font Info:    Try loading font information for OMS+ztmcm on input line 29
4.
(/usr/share/texmf/tex/latex/psnfss/omsztmcm.fd
File: omsztmcm.fd 2000/01/03 Fontinst v1.801 font definitions for OMS/ztmcm.
)
LaTeX Font Info:    Try loading font information for OMX+ztmcm on input line 29
4.
(/usr/share/texmf/tex/latex/psnfss/omxztmcm.fd
File: omxztmcm.fd 2000/01/03 Fontinst v1.801 font definitions for OMX/ztmcm.
)
LaTeX Font Info:    Try loading font information for OT1+ptm on input line 294.

(/usr/share/texmf/tex/latex/psnfss/ot1ptm.fd
File: ot1ptm.fd 2001/06/04 font definitions for OT1/ptm.
)
LaTeX Font Info:    Font shape `OT1/ptm/bx/n' in size <10> not available
(Font)              Font shape `OT1/ptm/b/n' tried instead on input line 294.
LaTeX Font Info:    Font shape `OT1/ptm/bx/n' in size <7.4> not available
(Font)              Font shape `OT1/ptm/b/n' tried instead on input line 294.
LaTeX Font Info:    Font shape `OT1/ptm/bx/n' in size <6> not available
(Font)              Font shape `OT1/ptm/b/n' tried instead on input line 294.
l2hSize :tex2html_wrap_inline67673:7.24997pt::7.24997pt::23.26993pt.
[8


]
l2hSize :tex2html_wrap_inline67675:7.24997pt::7.24997pt::23.26993pt.
[9


]
l2hSize :tex2html_wrap_inline67678:7.24997pt::7.24997pt::15.50003pt.
[10


]
l2hSize :tex2html_wrap_inline67680:7.24997pt::7.24997pt::23.26993pt.
[11


]
l2hSize :tex2html_wrap_inline67683:9.08043pt::9.08043pt::40.8738pt.
[12


]
l2hSize :tex2html_wrap_inline67685:9.08043pt::9.08043pt::44.54385pt.
[13


]
l2hSize :tex2html_wrap_inline67687:8.0pt::8.0pt::59.9208pt.
[14


]
l2hSize :tex2html_wrap_inline67689:7.24997pt::7.24997pt::25.50003pt.
[15


]
l2hSize :tex2html_wrap_inline67691:7.32988pt::7.32988pt::12.37991pt.
[16


]
l2hSize :tex2html_wrap_inline67700:7.24997pt::7.24997pt::7.47992pt.
[17


]
l2hSize :tex2html_wrap_inline67702:7.24997pt::7.24997pt::86.3404pt.
[18


]
l2hSize :tex2html_wrap_inline67710:7.91998pt::7.91998pt::93.79385pt.
[19


]

! LaTeX Error: Cannot determine size of graphic in 57_home_cengiz_work_pandora_
doc_cip_trace_plot_compact.pdf (no BoundingBox).

See the LaTeX manual or LaTeX Companion for explanation.
Type  H <return>  for immediate help.
 ...                                              
                                                  
l.382 ...k_pandora_doc_cip_trace_plot_compact.pdf}
                                                  %
Try typing  <return>  to proceed.
If that doesn't work, type  X <return>  to quit.

File: 57_home_cengiz_work_pandora_doc_cip_trace_plot_compact.pdf Graphic file (
type eps)
<57_home_cengiz_work_pandora_doc_cip_trace_plot_compact.pdf>
l2hSize :tex2html_wrap67714:174.50948pt::0.0pt::349.0pt.
[20


]

! LaTeX Error: Cannot determine size of graphic in 58_home_cengiz_work_pandora_
doc_tests_db_plot_tests.pdf (no BoundingBox).

See the LaTeX manual or LaTeX Companion for explanation.
Type  H <return>  for immediate help.
 ...                                              
                                                  
l.390 ...work_pandora_doc_tests_db_plot_tests.pdf}
                                                  %
Try typing  <return>  to proceed.
If that doesn't work, type  X <return>  to quit.

File: 58_home_cengiz_work_pandora_doc_tests_db_plot_tests.pdf Graphic file (typ
e eps)
<58_home_cengiz_work_pandora_doc_tests_db_plot_tests.pdf>
Overfull \hbox (69.79893pt too wide) detected at line 392
 [] 
 []

l2hSize :tex2html_wrap67720:418.91472pt::0.0pt::349.0pt.
[21


]

! LaTeX Error: Cannot determine size of graphic in 59_home_cengiz_work_pandora_
doc_params_tests_db_plot_param_hists.pdf (no BoundingBox).

See the LaTeX manual or LaTeX Companion for explanation.
Type  H <return>  for immediate help.
 ...                                              
                                                  
l.397 ...doc_params_tests_db_plot_param_hists.pdf}
                                                  %
Try typing  <return>  to proceed.
If that doesn't work, type  X <return>  to quit.

File: 59_home_cengiz_work_pandora_doc_params_tests_db_plot_param_hists.pdf Grap
hic file (type eps)
<59_home_cengiz_work_pandora_doc_params_tests_db_plot_param_hists.pdf>
Overfull \hbox (69.79893pt too wide) detected at line 399
 [] 
 []

l2hSize :tex2html_wrap67725:418.91472pt::0.0pt::349.0pt.
[22


]

! LaTeX Error: Cannot determine size of graphic in 60_home_cengiz_work_pandora_
doc_plot_stats_abstract.pdf (no BoundingBox).

See the LaTeX manual or LaTeX Companion for explanation.
Type  H <return>  for immediate help.
 ...                                              
                                                  
l.404 ...work_pandora_doc_plot_stats_abstract.pdf}
                                                  %
Try typing  <return>  to proceed.
If that doesn't work, type  X <return>  to quit.

File: 60_home_cengiz_work_pandora_doc_plot_stats_abstract.pdf Graphic file (typ
e eps)
<60_home_cengiz_work_pandora_doc_plot_stats_abstract.pdf>
l2hSize :tex2html_wrap67730:36.135pt::0.0pt::349.0pt.
[23


]

! LaTeX Error: Cannot determine size of graphic in 61_home_cengiz_work_pandora_
doc_plot_stats_bars_single.pdf (no BoundingBox).

See the LaTeX manual or LaTeX Companion for explanation.
Type  H <return>  for immediate help.
 ...                                              
                                                  
l.410 ...k_pandora_doc_plot_stats_bars_single.pdf}
                                                  %
Try typing  <return>  to proceed.
If that doesn't work, type  X <return>  to quit.

File: 61_home_cengiz_work_pandora_doc_plot_stats_bars_single.pdf Graphic file (
type eps)
<61_home_cengiz_work_pandora_doc_plot_stats_bars_single.pdf>
l2hSize :tex2html_wrap67731:36.135pt::0.0pt::349.0pt.
[24


]

! LaTeX Error: Cannot determine size of graphic in 62_home_cengiz_work_pandora_
doc_plot_stats_bars_multi.pdf (no BoundingBox).

See the LaTeX manual or LaTeX Companion for explanation.
Type  H <return>  for immediate help.
 ...                                              
                                                  
l.416 ...rk_pandora_doc_plot_stats_bars_multi.pdf}
                                                  %
Try typing  <return>  to proceed.
If that doesn't work, type  X <return>  to quit.

File: 62_home_cengiz_work_pandora_doc_plot_stats_bars_multi.pdf Graphic file (t
ype eps)
<62_home_cengiz_work_pandora_doc_plot_stats_bars_multi.pdf>
l2hSize :tex2html_wrap67732:36.135pt::0.0pt::349.0pt.
[25


]

! LaTeX Error: Cannot determine size of graphic in 63_home_cengiz_work_pandora_
doc_plot_stats_Var.pdf (no BoundingBox).

See the LaTeX manual or LaTeX Companion for explanation.
Type  H <return>  for immediate help.
 ...                                              
                                                  
l.422 ...ngiz_work_pandora_doc_plot_stats_Var.pdf}
                                                  %
Try typing  <return>  to proceed.
If that doesn't work, type  X <return>  to quit.

File: 63_home_cengiz_work_pandora_doc_plot_stats_Var.pdf Graphic file (type eps
)
<63_home_cengiz_work_pandora_doc_plot_stats_Var.pdf>
l2hSize :tex2html_wrap67733:36.135pt::0.0pt::349.0pt.
[26


]

! LaTeX Error: Cannot determine size of graphic in 64_home_cengiz_work_pandora_
doc_plotVarBoxMatrix_example.pdf (no BoundingBox).

See the LaTeX manual or LaTeX Companion for explanation.
Type  H <return>  for immediate help.
 ...                                              
                                                  
l.429 ...pandora_doc_plotVarBoxMatrix_example.pdf}
                                                  %
Try typing  <return>  to proceed.
If that doesn't work, type  X <return>  to quit.

File: 64_home_cengiz_work_pandora_doc_plotVarBoxMatrix_example.pdf Graphic file
 (type eps)
<64_home_cengiz_work_pandora_doc_plotVarBoxMatrix_example.pdf>
l2hSize :tex2html_wrap67738:331.63957pt::0.0pt::349.0pt.
[27


]

! LaTeX Error: Cannot determine size of graphic in 65_home_cengiz_work_pandora_
doc_plot_inset.pdf (no BoundingBox).

See the LaTeX manual or LaTeX Companion for explanation.
Type  H <return>  for immediate help.
 ...                                              
                                                  
l.436 ...e_cengiz_work_pandora_doc_plot_inset.pdf}
                                                  %
Try typing  <return>  to proceed.
If that doesn't work, type  X <return>  to quit.

File: 65_home_cengiz_work_pandora_doc_plot_inset.pdf Graphic file (type eps)
<65_home_cengiz_work_pandora_doc_plot_inset.pdf>
l2hSize :tex2html_wrap67745:174.50948pt::0.0pt::349.0pt.
[28


]
l2hSize :tex2html_wrap_inline76370:7.91998pt::7.91998pt::5.50003pt.
[29


]
l2hSize :tex2html_wrap_inline76685:7.91998pt::7.91998pt::5.50003pt.
[30


] (./images.aux) ) 
Here is how much of TeX's memory you used:
 5799 strings out of 94087
 85815 string characters out of 1167528
 165162 words of memory out of 3500000
 8984 multiletter control sequences out of 10000+50000
 15401 words of font info for 40 fonts, out of 1200000 for 2000
 645 hyphenation exceptions out of 8191
 32i,6n,43p,1415b,404s stack positions out of 5000i,500n,6000p,200000b,5000s

Output written on images.dvi (30 pages, 21404 bytes).
